2022-06-11 11:17:48,838 INFO DougTheDruid's ESP Framework Starting
2022-06-11 11:17:48,839 INFO Hack Version: 1.2.0
2022-06-11 11:17:51,421 INFO gObject offset: 0x1719b24
2022-06-11 11:17:51,421 INFO uWorld offset: 0x76e1ab
2022-06-11 11:17:51,421 INFO gName offset: 0x1622a8a
2022-06-11 11:17:51,421 INFO Process ID: 65460
2022-06-11 11:17:51,422 INFO SoT gName Address: 0x7ff61e67a2c0
2022-06-11 11:17:51,422 INFO SoT gObject Address: 0x7ff61e67e810
2022-06-11 11:17:54,219 INFO gObject offset: 0x1719b24
2022-06-11 11:17:54,220 INFO uWorld offset: 0x76e1ab
2022-06-11 11:17:54,220 INFO gName offset: 0x1622a8a
2022-06-11 11:17:54,220 INFO Process ID: 65460
2022-06-11 11:17:54,220 INFO SoT gName Address: 0x7ff61e67a2c0
2022-06-11 11:17:54,220 INFO SoT gObject Address: 0x7ff61e67e810
2022-06-11 11:17:57,242 INFO gObject offset: 0x1719b24
2022-06-11 11:17:57,243 INFO uWorld offset: 0x76e1ab
2022-06-11 11:17:57,243 INFO gName offset: 0x1622a8a
2022-06-11 11:17:57,243 INFO Process ID: 65460
2022-06-11 11:17:57,243 INFO SoT gName Address: 0x7ff61e67a2c0
2022-06-11 11:17:57,243 INFO SoT gObject Address: 0x7ff61e67e810
2022-06-11 11:17:59,981 INFO gObject offset: 0x1719b24
2022-06-11 11:17:59,981 INFO uWorld offset: 0x76e1ab
2022-06-11 11:17:59,981 INFO gName offset: 0x1622a8a
2022-06-11 11:17:59,982 INFO Process ID: 65460
2022-06-11 11:17:59,982 INFO SoT gName Address: 0x7ff61e67a2c0
2022-06-11 11:17:59,982 INFO SoT gObject Address: 0x7ff61e67e810
2022-06-11 11:18:02,322 INFO gObject offset: 0x1719b24
2022-06-11 11:18:02,322 INFO uWorld offset: 0x76e1ab
2022-06-11 11:18:02,322 INFO gName offset: 0x1622a8a
2022-06-11 11:18:02,322 INFO Process ID: 65460
2022-06-11 11:18:02,322 INFO SoT gName Address: 0x7ff61e67a2c0
2022-06-11 11:18:02,322 INFO SoT gObject Address: 0x7ff61e67e810
2022-06-11 11:18:04,824 INFO gObject offset: 0x1719b24
2022-06-11 11:18:04,824 INFO uWorld offset: 0x76e1ab
2022-06-11 11:18:04,824 INFO gName offset: 0x1622a8a
2022-06-11 11:18:04,824 INFO Process ID: 65460
2022-06-11 11:18:04,824 INFO SoT gName Address: 0x7ff61e67a2c0
2022-06-11 11:18:04,824 INFO SoT gObject Address: 0x7ff61e67e810
2022-06-11 11:18:07,399 INFO gObject offset: 0x1719b24
2022-06-11 11:18:07,399 INFO uWorld offset: 0x76e1ab
2022-06-11 11:18:07,399 INFO gName offset: 0x1622a8a
2022-06-11 11:18:07,399 INFO Process ID: 65460
2022-06-11 11:18:07,399 INFO SoT gName Address: 0x7ff61e67a2c0
2022-06-11 11:18:07,399 INFO SoT gObject Address: 0x7ff61e67e810
2022-06-11 11:18:10,099 INFO gObject offset: 0x1719b24
2022-06-11 11:18:10,100 INFO uWorld offset: 0x76e1ab
2022-06-11 11:18:10,100 INFO gName offset: 0x1622a8a
2022-06-11 11:18:10,100 INFO Process ID: 65460
2022-06-11 11:18:10,100 INFO SoT gName Address: 0x7ff61e67a2c0
2022-06-11 11:18:10,100 INFO SoT gObject Address: 0x7ff61e67e810
2022-06-11 11:18:12,964 INFO gObject offset: 0x1719b24
2022-06-11 11:18:12,964 INFO uWorld offset: 0x76e1ab
2022-06-11 11:18:12,964 INFO gName offset: 0x1622a8a
2022-06-11 11:18:12,964 INFO Process ID: 65460
2022-06-11 11:18:12,964 INFO SoT gName Address: 0x7ff61e67a2c0
2022-06-11 11:18:12,965 INFO SoT gObject Address: 0x7ff61e67e810
2022-06-11 11:18:15,597 INFO gObject offset: 0x1719b24
2022-06-11 11:18:15,597 INFO uWorld offset: 0x76e1ab
2022-06-11 11:18:15,597 INFO gName offset: 0x1622a8a
2022-06-11 11:18:15,597 INFO Process ID: 65460
2022-06-11 11:18:15,597 INFO SoT gName Address: 0x7ff61e67a2c0
2022-06-11 11:18:15,597 INFO SoT gObject Address: 0x7ff61e67e810
2022-06-11 11:18:18,296 INFO gObject offset: 0x1719b24
2022-06-11 11:18:18,296 INFO uWorld offset: 0x76e1ab
2022-06-11 11:18:18,296 INFO gName offset: 0x1622a8a
2022-06-11 11:18:18,296 INFO Process ID: 65460
2022-06-11 11:18:18,296 INFO SoT gName Address: 0x7ff61e67a2c0
2022-06-11 11:18:18,296 INFO SoT gObject Address: 0x7ff61e67e810
2022-06-11 11:18:20,846 INFO gObject offset: 0x1719b24
2022-06-11 11:18:20,846 INFO uWorld offset: 0x76e1ab
2022-06-11 11:18:20,846 INFO gName offset: 0x1622a8a
2022-06-11 11:18:20,846 INFO Process ID: 65460
2022-06-11 11:18:20,846 INFO SoT gName Address: 0x7ff61e67a2c0
2022-06-11 11:18:20,847 INFO SoT gObject Address: 0x7ff61e67e810
2022-06-11 11:18:23,479 INFO gObject offset: 0x1719b24
2022-06-11 11:18:23,479 INFO uWorld offset: 0x76e1ab
2022-06-11 11:18:23,479 INFO gName offset: 0x1622a8a
2022-06-11 11:18:23,479 INFO Process ID: 65460
2022-06-11 11:18:23,479 INFO SoT gName Address: 0x7ff61e67a2c0
2022-06-11 11:18:23,479 INFO SoT gObject Address: 0x7ff61e67e810
2022-06-11 11:18:26,070 INFO gObject offset: 0x1719b24
2022-06-11 11:18:26,070 INFO uWorld offset: 0x76e1ab
2022-06-11 11:18:26,070 INFO gName offset: 0x1622a8a
2022-06-11 11:18:26,070 INFO Process ID: 65460
2022-06-11 11:18:26,070 INFO SoT gName Address: 0x7ff61e67a2c0
2022-06-11 11:18:26,070 INFO SoT gObject Address: 0x7ff61e67e810
2022-06-11 11:18:28,748 INFO gObject offset: 0x1719b24
2022-06-11 11:18:28,749 INFO uWorld offset: 0x76e1ab
2022-06-11 11:18:28,749 INFO gName offset: 0x1622a8a
2022-06-11 11:18:28,749 INFO Process ID: 65460
2022-06-11 11:18:28,749 INFO SoT gName Address: 0x7ff61e67a2c0
2022-06-11 11:18:28,749 INFO SoT gObject Address: 0x7ff61e67e810
2022-06-11 11:18:31,231 INFO gObject offset: 0x1719b24
2022-06-11 11:18:31,231 INFO uWorld offset: 0x76e1ab
2022-06-11 11:18:31,232 INFO gName offset: 0x1622a8a
2022-06-11 11:18:31,232 INFO Process ID: 65460
2022-06-11 11:18:31,232 INFO SoT gName Address: 0x7ff61e67a2c0
2022-06-11 11:18:31,232 INFO SoT gObject Address: 0x7ff61e67e810
2022-06-11 11:18:33,962 INFO gObject offset: 0x1719b24
2022-06-11 11:18:33,963 INFO uWorld offset: 0x76e1ab
2022-06-11 11:18:33,963 INFO gName offset: 0x1622a8a
2022-06-11 11:18:33,963 INFO Process ID: 65460
2022-06-11 11:18:33,963 INFO SoT gName Address: 0x7ff61e67a2c0
2022-06-11 11:18:33,963 INFO SoT gObject Address: 0x7ff61e67e810
2022-06-11 11:18:36,682 INFO gObject offset: 0x1719b24
2022-06-11 11:18:36,683 INFO uWorld offset: 0x76e1ab
2022-06-11 11:18:36,683 INFO gName offset: 0x1622a8a
2022-06-11 11:18:36,683 INFO Process ID: 65460
2022-06-11 11:18:36,683 INFO SoT gName Address: 0x7ff61e67a2c0
2022-06-11 11:18:36,683 INFO SoT gObject Address: 0x7ff61e67e810
2022-06-11 11:18:39,415 INFO gObject offset: 0x1719b24
2022-06-11 11:18:39,415 INFO uWorld offset: 0x76e1ab
2022-06-11 11:18:39,415 INFO gName offset: 0x1622a8a
2022-06-11 11:18:39,415 INFO Process ID: 65460
2022-06-11 11:18:39,415 INFO SoT gName Address: 0x7ff61e67a2c0
2022-06-11 11:18:39,415 INFO SoT gObject Address: 0x7ff61e67e810
2022-06-11 11:18:42,182 INFO gObject offset: 0x1719b24
2022-06-11 11:18:42,182 INFO uWorld offset: 0x76e1ab
2022-06-11 11:18:42,182 INFO gName offset: 0x1622a8a
2022-06-11 11:18:42,182 INFO Process ID: 65460
2022-06-11 11:18:42,182 INFO SoT gName Address: 0x7ff61e67a2c0
2022-06-11 11:18:42,182 INFO SoT gObject Address: 0x7ff61e67e810
2022-06-11 11:18:44,953 INFO gObject offset: 0x1719b24
2022-06-11 11:18:44,953 INFO uWorld offset: 0x76e1ab
2022-06-11 11:18:44,954 INFO gName offset: 0x1622a8a
2022-06-11 11:18:44,954 INFO Process ID: 65460
2022-06-11 11:18:44,954 INFO SoT gName Address: 0x7ff61e67a2c0
2022-06-11 11:18:44,954 INFO SoT gObject Address: 0x7ff61e67e810
2022-06-11 11:18:47,684 INFO gObject offset: 0x1719b24
2022-06-11 11:18:47,684 INFO uWorld offset: 0x76e1ab
2022-06-11 11:18:47,684 INFO gName offset: 0x1622a8a
2022-06-11 11:18:47,684 INFO Process ID: 65460
2022-06-11 11:18:47,684 INFO SoT gName Address: 0x7ff61e67a2c0
2022-06-11 11:18:47,684 INFO SoT gObject Address: 0x7ff61e67e810
2022-06-11 11:18:50,309 INFO gObject offset: 0x1719b24
2022-06-11 11:18:50,309 INFO uWorld offset: 0x76e1ab
2022-06-11 11:18:50,309 INFO gName offset: 0x1622a8a
2022-06-11 11:18:50,309 INFO Process ID: 65460
2022-06-11 11:18:50,309 INFO SoT gName Address: 0x7ff61e67a2c0
2022-06-11 11:18:50,309 INFO SoT gObject Address: 0x7ff61e67e810
2022-06-11 11:18:53,028 INFO gObject offset: 0x1719b24
2022-06-11 11:18:53,028 INFO uWorld offset: 0x76e1ab
2022-06-11 11:18:53,028 INFO gName offset: 0x1622a8a
2022-06-11 11:18:53,028 INFO Process ID: 65460
2022-06-11 11:18:53,028 INFO SoT gName Address: 0x7ff61e67a2c0
2022-06-11 11:18:53,029 INFO SoT gObject Address: 0x7ff61e67e810
2022-06-11 11:18:55,609 INFO gObject offset: 0x1719b24
2022-06-11 11:18:55,609 INFO uWorld offset: 0x76e1ab
2022-06-11 11:18:55,609 INFO gName offset: 0x1622a8a
2022-06-11 11:18:55,609 INFO Process ID: 65460
2022-06-11 11:18:55,609 INFO SoT gName Address: 0x7ff61e67a2c0
2022-06-11 11:18:55,610 INFO SoT gObject Address: 0x7ff61e67e810
2022-06-11 11:18:58,325 INFO gObject offset: 0x1719b24
2022-06-11 11:18:58,325 INFO uWorld offset: 0x76e1ab
2022-06-11 11:18:58,325 INFO gName offset: 0x1622a8a
2022-06-11 11:18:58,325 INFO Process ID: 65460
2022-06-11 11:18:58,325 INFO SoT gName Address: 0x7ff61e67a2c0
2022-06-11 11:18:58,325 INFO SoT gObject Address: 0x7ff61e67e810
2022-06-11 11:19:00,984 INFO gObject offset: 0x1719b24
2022-06-11 11:19:00,984 INFO uWorld offset: 0x76e1ab
2022-06-11 11:19:00,984 INFO gName offset: 0x1622a8a
2022-06-11 11:19:00,984 INFO Process ID: 65460
2022-06-11 11:19:00,984 INFO SoT gName Address: 0x7ff61e67a2c0
2022-06-11 11:19:00,984 INFO SoT gObject Address: 0x7ff61e67e810
2022-06-11 11:19:03,655 INFO gObject offset: 0x1719b24
2022-06-11 11:19:03,655 INFO uWorld offset: 0x76e1ab
2022-06-11 11:19:03,656 INFO gName offset: 0x1622a8a
2022-06-11 11:19:03,656 INFO Process ID: 65460
2022-06-11 11:19:03,656 INFO SoT gName Address: 0x7ff61e67a2c0
2022-06-11 11:19:03,656 INFO SoT gObject Address: 0x7ff61e67e810
2022-06-11 11:19:06,620 INFO gObject offset: 0x1719b24
2022-06-11 11:19:06,620 INFO uWorld offset: 0x76e1ab
2022-06-11 11:19:06,620 INFO gName offset: 0x1622a8a
2022-06-11 11:19:06,620 INFO Process ID: 65460
2022-06-11 11:19:06,620 INFO SoT gName Address: 0x7ff61e67a2c0
2022-06-11 11:19:06,620 INFO SoT gObject Address: 0x7ff61e67e810
2022-06-11 11:19:09,836 INFO gObject offset: 0x1719b24
2022-06-11 11:19:09,836 INFO uWorld offset: 0x76e1ab
2022-06-11 11:19:09,836 INFO gName offset: 0x1622a8a
2022-06-11 11:19:09,837 INFO Process ID: 65460
2022-06-11 11:19:09,837 INFO SoT gName Address: 0x7ff61e67a2c0
2022-06-11 11:19:09,837 INFO SoT gObject Address: 0x7ff61e67e810
2022-06-11 11:19:13,014 INFO gObject offset: 0x1719b24
2022-06-11 11:19:13,014 INFO uWorld offset: 0x76e1ab
2022-06-11 11:19:13,015 INFO gName offset: 0x1622a8a
2022-06-11 11:19:13,015 INFO Process ID: 65460
2022-06-11 11:19:13,015 INFO SoT gName Address: 0x7ff61e67a2c0
2022-06-11 11:19:13,015 INFO SoT gObject Address: 0x7ff61e67e810
2022-06-11 11:19:15,972 INFO gObject offset: 0x1719b24
2022-06-11 11:19:15,972 INFO uWorld offset: 0x76e1ab
2022-06-11 11:19:15,973 INFO gName offset: 0x1622a8a
2022-06-11 11:19:15,973 INFO Process ID: 65460
2022-06-11 11:19:15,973 INFO SoT gName Address: 0x7ff61e67a2c0
2022-06-11 11:19:15,973 INFO SoT gObject Address: 0x7ff61e67e810
2022-06-11 11:19:18,863 INFO gObject offset: 0x1719b24
2022-06-11 11:19:18,863 INFO uWorld offset: 0x76e1ab
2022-06-11 11:19:18,863 INFO gName offset: 0x1622a8a
2022-06-11 11:19:18,863 INFO Process ID: 65460
2022-06-11 11:19:18,864 INFO SoT gName Address: 0x7ff61e67a2c0
2022-06-11 11:19:18,864 INFO SoT gObject Address: 0x7ff61e67e810
2022-06-11 11:19:21,437 INFO gObject offset: 0x1719b24
2022-06-11 11:19:21,437 INFO uWorld offset: 0x76e1ab
2022-06-11 11:19:21,437 INFO gName offset: 0x1622a8a
2022-06-11 11:19:21,437 INFO Process ID: 65460
2022-06-11 11:19:21,437 INFO SoT gName Address: 0x7ff61e67a2c0
2022-06-11 11:19:21,437 INFO SoT gObject Address: 0x7ff61e67e810
2022-06-11 11:19:24,099 INFO gObject offset: 0x1719b24
2022-06-11 11:19:24,099 INFO uWorld offset: 0x76e1ab
2022-06-11 11:19:24,099 INFO gName offset: 0x1622a8a
2022-06-11 11:19:24,099 INFO Process ID: 65460
2022-06-11 11:19:24,099 INFO SoT gName Address: 0x7ff61e67a2c0
2022-06-11 11:19:24,099 INFO SoT gObject Address: 0x7ff61e67e810
2022-06-11 11:19:26,678 INFO gObject offset: 0x1719b24
2022-06-11 11:19:26,678 INFO uWorld offset: 0x76e1ab
2022-06-11 11:19:26,678 INFO gName offset: 0x1622a8a
2022-06-11 11:19:26,678 INFO Process ID: 65460
2022-06-11 11:19:26,678 INFO SoT gName Address: 0x7ff61e67a2c0
2022-06-11 11:19:26,678 INFO SoT gObject Address: 0x7ff61e67e810
2022-06-11 11:19:29,345 INFO gObject offset: 0x1719b24
2022-06-11 11:19:29,345 INFO uWorld offset: 0x76e1ab
2022-06-11 11:19:29,345 INFO gName offset: 0x1622a8a
2022-06-11 11:19:29,345 INFO Process ID: 65460
2022-06-11 11:19:29,346 INFO SoT gName Address: 0x7ff61e67a2c0
2022-06-11 11:19:29,346 INFO SoT gObject Address: 0x7ff61e67e810
2022-06-11 11:19:32,058 INFO gObject offset: 0x1719b24
2022-06-11 11:19:32,058 INFO uWorld offset: 0x76e1ab
2022-06-11 11:19:32,058 INFO gName offset: 0x1622a8a
2022-06-11 11:19:32,058 INFO Process ID: 65460
2022-06-11 11:19:32,058 INFO SoT gName Address: 0x7ff61e67a2c0
2022-06-11 11:19:32,058 INFO SoT gObject Address: 0x7ff61e67e810
2022-06-11 11:19:34,759 INFO gObject offset: 0x1719b24
2022-06-11 11:19:34,760 INFO uWorld offset: 0x76e1ab
2022-06-11 11:19:34,760 INFO gName offset: 0x1622a8a
2022-06-11 11:19:34,760 INFO Process ID: 65460
2022-06-11 11:19:34,760 INFO SoT gName Address: 0x7ff61e67a2c0
2022-06-11 11:19:34,760 INFO SoT gObject Address: 0x7ff61e67e810
2022-06-11 11:19:37,471 INFO gObject offset: 0x1719b24
2022-06-11 11:19:37,471 INFO uWorld offset: 0x76e1ab
2022-06-11 11:19:37,472 INFO gName offset: 0x1622a8a
2022-06-11 11:19:37,472 INFO Process ID: 65460
2022-06-11 11:19:37,472 INFO SoT gName Address: 0x7ff61e67a2c0
2022-06-11 11:19:37,472 INFO SoT gObject Address: 0x7ff61e67e810
2022-06-11 11:19:40,214 INFO gObject offset: 0x1719b24
2022-06-11 11:19:40,214 INFO uWorld offset: 0x76e1ab
2022-06-11 11:19:40,215 INFO gName offset: 0x1622a8a
2022-06-11 11:19:40,215 INFO Process ID: 65460
2022-06-11 11:19:40,215 INFO SoT gName Address: 0x7ff61e67a2c0
2022-06-11 11:19:40,215 INFO SoT gObject Address: 0x7ff61e67e810
2022-06-11 11:19:42,812 INFO gObject offset: 0x1719b24
2022-06-11 11:19:42,813 INFO uWorld offset: 0x76e1ab
2022-06-11 11:19:42,813 INFO gName offset: 0x1622a8a
2022-06-11 11:19:42,813 INFO Process ID: 65460
2022-06-11 11:19:42,813 INFO SoT gName Address: 0x7ff61e67a2c0
2022-06-11 11:19:42,813 INFO SoT gObject Address: 0x7ff61e67e810
2022-06-11 11:19:45,372 INFO gObject offset: 0x1719b24
2022-06-11 11:19:45,372 INFO uWorld offset: 0x76e1ab
2022-06-11 11:19:45,372 INFO gName offset: 0x1622a8a
2022-06-11 11:19:45,372 INFO Process ID: 65460
2022-06-11 11:19:45,372 INFO SoT gName Address: 0x7ff61e67a2c0
2022-06-11 11:19:45,372 INFO SoT gObject Address: 0x7ff61e67e810
2022-06-11 11:19:48,077 INFO gObject offset: 0x1719b24
2022-06-11 11:19:48,077 INFO uWorld offset: 0x76e1ab
2022-06-11 11:19:48,077 INFO gName offset: 0x1622a8a
2022-06-11 11:19:48,077 INFO Process ID: 65460
2022-06-11 11:19:48,077 INFO SoT gName Address: 0x7ff61e67a2c0
2022-06-11 11:19:48,078 INFO SoT gObject Address: 0x7ff61e67e810
2022-06-11 11:19:51,252 INFO gObject offset: 0x1719b24
2022-06-11 11:19:51,252 INFO uWorld offset: 0x76e1ab
2022-06-11 11:19:51,253 INFO gName offset: 0x1622a8a
2022-06-11 11:19:51,253 INFO Process ID: 65460
2022-06-11 11:19:51,253 INFO SoT gName Address: 0x7ff61e67a2c0
2022-06-11 11:19:51,253 INFO SoT gObject Address: 0x7ff61e67e810
2022-06-11 11:19:54,584 INFO gObject offset: 0x1719b24
2022-06-11 11:19:54,584 INFO uWorld offset: 0x76e1ab
2022-06-11 11:19:54,584 INFO gName offset: 0x1622a8a
2022-06-11 11:19:54,584 INFO Process ID: 65460
2022-06-11 11:19:54,584 INFO SoT gName Address: 0x7ff61e67a2c0
2022-06-11 11:19:54,585 INFO SoT gObject Address: 0x7ff61e67e810
2022-06-11 11:19:57,839 INFO gObject offset: 0x1719b24
2022-06-11 11:19:57,839 INFO uWorld offset: 0x76e1ab
2022-06-11 11:19:57,839 INFO gName offset: 0x1622a8a
2022-06-11 11:19:57,840 INFO Process ID: 65460
2022-06-11 11:19:57,841 INFO SoT gName Address: 0x7ff61e67a2c0
2022-06-11 11:19:57,841 INFO SoT gObject Address: 0x7ff61e67e810
2022-06-11 11:20:00,899 INFO gObject offset: 0x1719b24
2022-06-11 11:20:00,899 INFO uWorld offset: 0x76e1ab
2022-06-11 11:20:00,899 INFO gName offset: 0x1622a8a
2022-06-11 11:20:00,899 INFO Process ID: 65460
2022-06-11 11:20:00,900 INFO SoT gName Address: 0x7ff61e67a2c0
2022-06-11 11:20:00,900 INFO SoT gObject Address: 0x7ff61e67e810
2022-06-11 11:20:03,659 INFO gObject offset: 0x1719b24
2022-06-11 11:20:03,660 INFO uWorld offset: 0x76e1ab
2022-06-11 11:20:03,660 INFO gName offset: 0x1622a8a
2022-06-11 11:20:03,660 INFO Process ID: 65460
2022-06-11 11:20:03,660 INFO SoT gName Address: 0x7ff61e67a2c0
2022-06-11 11:20:03,660 INFO SoT gObject Address: 0x7ff61e67e810
2022-06-11 11:20:06,342 INFO gObject offset: 0x1719b24
2022-06-11 11:20:06,342 INFO uWorld offset: 0x76e1ab
2022-06-11 11:20:06,342 INFO gName offset: 0x1622a8a
2022-06-11 11:20:06,342 INFO Process ID: 65460
2022-06-11 11:20:06,342 INFO SoT gName Address: 0x7ff61e67a2c0
2022-06-11 11:20:06,342 INFO SoT gObject Address: 0x7ff61e67e810
2022-06-11 11:20:08,932 INFO gObject offset: 0x1719b24
2022-06-11 11:20:08,932 INFO uWorld offset: 0x76e1ab
2022-06-11 11:20:08,932 INFO gName offset: 0x1622a8a
2022-06-11 11:20:08,932 INFO Process ID: 65460
2022-06-11 11:20:08,932 INFO SoT gName Address: 0x7ff61e67a2c0
2022-06-11 11:20:08,932 INFO SoT gObject Address: 0x7ff61e67e810
2022-06-11 11:20:11,618 INFO gObject offset: 0x1719b24
2022-06-11 11:20:11,618 INFO uWorld offset: 0x76e1ab
2022-06-11 11:20:11,618 INFO gName offset: 0x1622a8a
2022-06-11 11:20:11,618 INFO Process ID: 65460
2022-06-11 11:20:11,618 INFO SoT gName Address: 0x7ff61e67a2c0
2022-06-11 11:20:11,618 INFO SoT gObject Address: 0x7ff61e67e810
2022-06-11 11:20:14,165 INFO gObject offset: 0x1719b24
2022-06-11 11:20:14,165 INFO uWorld offset: 0x76e1ab
2022-06-11 11:20:14,165 INFO gName offset: 0x1622a8a
2022-06-11 11:20:14,165 INFO Process ID: 65460
2022-06-11 11:20:14,165 INFO SoT gName Address: 0x7ff61e67a2c0
2022-06-11 11:20:14,165 INFO SoT gObject Address: 0x7ff61e67e810
2022-06-11 11:20:16,815 INFO gObject offset: 0x1719b24
2022-06-11 11:20:16,815 INFO uWorld offset: 0x76e1ab
2022-06-11 11:20:16,815 INFO gName offset: 0x1622a8a
2022-06-11 11:20:16,815 INFO Process ID: 65460
2022-06-11 11:20:16,815 INFO SoT gName Address: 0x7ff61e67a2c0
2022-06-11 11:20:16,815 INFO SoT gObject Address: 0x7ff61e67e810
2022-06-11 11:20:19,393 INFO gObject offset: 0x1719b24
2022-06-11 11:20:19,393 INFO uWorld offset: 0x76e1ab
2022-06-11 11:20:19,393 INFO gName offset: 0x1622a8a
2022-06-11 11:20:19,393 INFO Process ID: 65460
2022-06-11 11:20:19,393 INFO SoT gName Address: 0x7ff61e67a2c0
2022-06-11 11:20:19,393 INFO SoT gObject Address: 0x7ff61e67e810
2022-06-11 11:20:22,110 INFO gObject offset: 0x1719b24
2022-06-11 11:20:22,110 INFO uWorld offset: 0x76e1ab
2022-06-11 11:20:22,110 INFO gName offset: 0x1622a8a
2022-06-11 11:20:22,110 INFO Process ID: 65460
2022-06-11 11:20:22,110 INFO SoT gName Address: 0x7ff61e67a2c0
2022-06-11 11:20:22,110 INFO SoT gObject Address: 0x7ff61e67e810
2022-06-11 11:20:24,812 INFO gObject offset: 0x1719b24
2022-06-11 11:20:24,812 INFO uWorld offset: 0x76e1ab
2022-06-11 11:20:24,812 INFO gName offset: 0x1622a8a
2022-06-11 11:20:24,813 INFO Process ID: 65460
2022-06-11 11:20:24,813 INFO SoT gName Address: 0x7ff61e67a2c0
2022-06-11 11:20:24,813 INFO SoT gObject Address: 0x7ff61e67e810
2022-06-11 11:20:27,497 INFO gObject offset: 0x1719b24
2022-06-11 11:20:27,497 INFO uWorld offset: 0x76e1ab
2022-06-11 11:20:27,497 INFO gName offset: 0x1622a8a
2022-06-11 11:20:27,497 INFO Process ID: 65460
2022-06-11 11:20:27,497 INFO SoT gName Address: 0x7ff61e67a2c0
2022-06-11 11:20:27,497 INFO SoT gObject Address: 0x7ff61e67e810
2022-06-11 11:20:29,984 INFO gObject offset: 0x1719b24
2022-06-11 11:20:29,984 INFO uWorld offset: 0x76e1ab
2022-06-11 11:20:29,984 INFO gName offset: 0x1622a8a
2022-06-11 11:20:29,984 INFO Process ID: 65460
2022-06-11 11:20:29,984 INFO SoT gName Address: 0x7ff61e67a2c0
2022-06-11 11:20:29,984 INFO SoT gObject Address: 0x7ff61e67e810
2022-06-11 11:20:32,673 INFO gObject offset: 0x1719b24
2022-06-11 11:20:32,674 INFO uWorld offset: 0x76e1ab
2022-06-11 11:20:32,674 INFO gName offset: 0x1622a8a
2022-06-11 11:20:32,674 INFO Process ID: 65460
2022-06-11 11:20:32,674 INFO SoT gName Address: 0x7ff61e67a2c0
2022-06-11 11:20:32,674 INFO SoT gObject Address: 0x7ff61e67e810
2022-06-11 11:20:35,298 INFO gObject offset: 0x1719b24
2022-06-11 11:20:35,299 INFO uWorld offset: 0x76e1ab
2022-06-11 11:20:35,299 INFO gName offset: 0x1622a8a
2022-06-11 11:20:35,299 INFO Process ID: 65460
2022-06-11 11:20:35,299 INFO SoT gName Address: 0x7ff61e67a2c0
2022-06-11 11:20:35,299 INFO SoT gObject Address: 0x7ff61e67e810
2022-06-11 11:20:37,929 INFO gObject offset: 0x1719b24
2022-06-11 11:20:37,929 INFO uWorld offset: 0x76e1ab
2022-06-11 11:20:37,929 INFO gName offset: 0x1622a8a
2022-06-11 11:20:37,929 INFO Process ID: 65460
2022-06-11 11:20:37,929 INFO SoT gName Address: 0x7ff61e67a2c0
2022-06-11 11:20:37,929 INFO SoT gObject Address: 0x7ff61e67e810
2022-06-11 11:20:40,648 INFO gObject offset: 0x1719b24
2022-06-11 11:20:40,648 INFO uWorld offset: 0x76e1ab
2022-06-11 11:20:40,648 INFO gName offset: 0x1622a8a
2022-06-11 11:20:40,648 INFO Process ID: 65460
2022-06-11 11:20:40,648 INFO SoT gName Address: 0x7ff61e67a2c0
2022-06-11 11:20:40,649 INFO SoT gObject Address: 0x7ff61e67e810
2022-06-11 11:20:43,379 INFO gObject offset: 0x1719b24
2022-06-11 11:20:43,379 INFO uWorld offset: 0x76e1ab
2022-06-11 11:20:43,380 INFO gName offset: 0x1622a8a
2022-06-11 11:20:43,380 INFO Process ID: 65460
2022-06-11 11:20:43,380 INFO SoT gName Address: 0x7ff61e67a2c0
2022-06-11 11:20:43,380 INFO SoT gObject Address: 0x7ff61e67e810
2022-06-11 11:20:46,020 INFO gObject offset: 0x1719b24
2022-06-11 11:20:46,020 INFO uWorld offset: 0x76e1ab
2022-06-11 11:20:46,020 INFO gName offset: 0x1622a8a
2022-06-11 11:20:46,020 INFO Process ID: 65460
2022-06-11 11:20:46,020 INFO SoT gName Address: 0x7ff61e67a2c0
2022-06-11 11:20:46,021 INFO SoT gObject Address: 0x7ff61e67e810
2022-06-11 11:20:48,817 INFO gObject offset: 0x1719b24
2022-06-11 11:20:48,817 INFO uWorld offset: 0x76e1ab
2022-06-11 11:20:48,817 INFO gName offset: 0x1622a8a
2022-06-11 11:20:48,817 INFO Process ID: 65460
2022-06-11 11:20:48,817 INFO SoT gName Address: 0x7ff61e67a2c0
2022-06-11 11:20:48,817 INFO SoT gObject Address: 0x7ff61e67e810
2022-06-11 11:20:51,311 INFO gObject offset: 0x1719b24
2022-06-11 11:20:51,311 INFO uWorld offset: 0x76e1ab
2022-06-11 11:20:51,311 INFO gName offset: 0x1622a8a
2022-06-11 11:20:51,311 INFO Process ID: 65460
2022-06-11 11:20:51,312 INFO SoT gName Address: 0x7ff61e67a2c0
2022-06-11 11:20:51,312 INFO SoT gObject Address: 0x7ff61e67e810
2022-06-11 11:20:53,973 INFO gObject offset: 0x1719b24
2022-06-11 11:20:53,973 INFO uWorld offset: 0x76e1ab
2022-06-11 11:20:53,973 INFO gName offset: 0x1622a8a
2022-06-11 11:20:53,973 INFO Process ID: 65460
2022-06-11 11:20:53,973 INFO SoT gName Address: 0x7ff61e67a2c0
2022-06-11 11:20:53,973 INFO SoT gObject Address: 0x7ff61e67e810
2022-06-11 11:20:56,484 INFO gObject offset: 0x1719b24
2022-06-11 11:20:56,484 INFO uWorld offset: 0x76e1ab
2022-06-11 11:20:56,484 INFO gName offset: 0x1622a8a
2022-06-11 11:20:56,484 INFO Process ID: 65460
2022-06-11 11:20:56,484 INFO SoT gName Address: 0x7ff61e67a2c0
2022-06-11 11:20:56,484 INFO SoT gObject Address: 0x7ff61e67e810
